This file contains any messages produced by compilers while
running configure, to aid debugging if configure makes a mistake.

It was created by archipelagos configure 1.0, which was
generated by GNU Autoconf 2.69.  Invocation command line was

  $ ./configure 

## --------- ##
## Platform. ##
## --------- ##

hostname = Yenisei
uname -m = x86_64
uname -r = 5.10.0-8-amd64
uname -s = Linux
uname -v = #1 SMP Debian 5.10.46-4 (2021-08-03)

/usr/bin/uname -p = unknown
/bin/uname -X     = unknown

/bin/arch              = x86_64
/usr/bin/arch -k       = unknown
/usr/convex/getsysinfo = unknown
/usr/bin/hostinfo      = unknown
/bin/machine           = unknown
/usr/bin/oslevel       = unknown
/bin/universe          = unknown

PATH: /usr/local/pgsql/bin
PATH: /usr/local/bin
PATH: /usr/bin
PATH: /bin
PATH: /usr/local/games
PATH: /usr/games


## ----------- ##
## Core tests. ##
## ----------- ##

configure:2145: checking for a BSD-compatible install
configure:2213: result: /usr/bin/install -c
configure:2224: checking whether build environment is sane
configure:2279: result: yes
configure:2425: checking for a thread-safe mkdir -p
configure:2464: result: /usr/bin/mkdir -p
configure:2471: checking for gawk
configure:2501: result: no
configure:2471: checking for mawk
configure:2487: found /usr/bin/mawk
configure:2498: result: mawk
configure:2509: checking whether make sets $(MAKE)
configure:2531: result: yes
configure:2560: checking whether make supports nested variables
configure:2577: result: yes
configure:2753: checking for gcc
configure:2769: found /usr/bin/gcc
configure:2780: result: gcc
configure:3009: checking for C compiler version
configure:3018: gcc --version >&5
gcc (Debian 10.2.1-6) 10.2.1 20210110
Copyright (C) 2020 Free Software Foundation, Inc.
This is free software; see the source for copying conditions.  There is NO
warranty; not even for MERCHANTABILITY or FITNESS FOR A PARTICULAR PURPOSE.

configure:3029: $? = 0
configure:3018: gcc -v >&5
Using built-in specs.
COLLECT_GCC=gcc
COLLECT_LTO_WRAPPER=/usr/lib/gcc/x86_64-linux-gnu/10/lto-wrapper
OFFLOAD_TARGET_NAMES=nvptx-none:amdgcn-amdhsa:hsa
OFFLOAD_TARGET_DEFAULT=1
Target: x86_64-linux-gnu
Configured with: ../src/configure -v --with-pkgversion='Debian 10.2.1-6' --with-bugurl=file:///usr/share/doc/gcc-10/README.Bugs --enable-languages=c,ada,c++,go,brig,d,fortran,objc,obj-c++,m2 --prefix=/usr --with-gcc-major-version-only --program-suffix=-10 --program-prefix=x86_64-linux-gnu- --enable-shared --enable-linker-build-id --libexecdir=/usr/lib --without-included-gettext --enable-threads=posix --libdir=/usr/lib --enable-nls --enable-bootstrap --enable-clocale=gnu --enable-libstdcxx-debug --enable-libstdcxx-time=yes --with-default-libstdcxx-abi=new --enable-gnu-unique-object --disable-vtable-verify --enable-plugin --enable-default-pie --with-system-zlib --enable-libphobos-checking=release --with-target-system-zlib=auto --enable-objc-gc=auto --enable-multiarch --disable-werror --with-arch-32=i686 --with-abi=m64 --with-multilib-list=m32,m64,mx32 --enable-multilib --with-tune=generic --enable-offload-targets=nvptx-none=/build/gcc-10-Km9U7s/gcc-10-10.2.1/debian/tmp-nvptx/usr,amdgcn-amdhsa=/build/gcc-10-Km9U7s/gcc-10-10.2.1/debian/tmp-gcn/usr,hsa --without-cuda-driver --enable-checking=release --build=x86_64-linux-gnu --host=x86_64-linux-gnu --target=x86_64-linux-gnu --with-build-config=bootstrap-lto-lean --enable-link-mutex
Thread model: posix
Supported LTO compression algorithms: zlib zstd
gcc version 10.2.1 20210110 (Debian 10.2.1-6) 
... rest of stderr output deleted ...
configure:3029: $? = 0
configure:3018: gcc -V >&5
gcc: error: unrecognized command-line option '-V'
gcc: fatal error: no input files
compilation terminated.
configure:3029: $? = 1
configure:3018: gcc -qversion >&5
gcc: error: unrecognized command-line option '-qversion'; did you mean '--version'?
gcc: fatal error: no input files
compilation terminated.
configure:3029: $? = 1
configure:3049: checking whether the C compiler works
configure:3071: gcc    conftest.c  >&5
configure:3075: $? = 0
configure:3123: result: yes
configure:3126: checking for C compiler default output file name
configure:3128: result: a.out
configure:3134: checking for suffix of executables
configure:3141: gcc -o conftest    conftest.c  >&5
configure:3145: $? = 0
configure:3167: result: 
configure:3189: checking whether we are cross compiling
configure:3197: gcc -o conftest    conftest.c  >&5
configure:3201: $? = 0
configure:3208: ./conftest
configure:3212: $? = 0
configure:3227: result: no
configure:3232: checking for suffix of object files
configure:3254: gcc -c   conftest.c >&5
configure:3258: $? = 0
configure:3279: result: o
configure:3283: checking whether we are using the GNU C compiler
configure:3302: gcc -c   conftest.c >&5
configure:3302: $? = 0
configure:3311: result: yes
configure:3320: checking whether gcc accepts -g
configure:3340: gcc -c -g  conftest.c >&5
configure:3340: $? = 0
configure:3381: result: yes
configure:3398: checking for gcc option to accept ISO C89
configure:3461: gcc  -c -g -O2  conftest.c >&5
configure:3461: $? = 0
configure:3474: result: none needed
configure:3499: checking whether gcc understands -c and -o together
configure:3521: gcc -c conftest.c -o conftest2.o
configure:3524: $? = 0
configure:3521: gcc -c conftest.c -o conftest2.o
configure:3524: $? = 0
configure:3536: result: yes
configure:3556: checking whether make supports the include directive
configure:3571: make -f confmf.GNU && cat confinc.out
this is the am__doit target
configure:3574: $? = 0
configure:3593: result: yes (GNU style)
configure:3618: checking dependency style of gcc
configure:3729: result: gcc3
configure:3754: checking how to run the C preprocessor
configure:3785: gcc -E  conftest.c
configure:3785: $? = 0
configure:3799: gcc -E  conftest.c
conftest.c:11:10: fatal error: ac_nonexistent.h: No such file or directory
   11 | #include <ac_nonexistent.h>
      |          ^~~~~~~~~~~~~~~~~~
compilation terminated.
configure:3799: $? = 1
configure: failed program was:
| /* confdefs.h */
| #define PACKAGE_NAME "archipelagos"
| #define PACKAGE_TARNAME "archipelagos"
| #define PACKAGE_VERSION "1.0"
| #define PACKAGE_STRING "archipelagos 1.0"
| #define PACKAGE_BUGREPORT "artmakarov2002@gmail.com"
| #define PACKAGE_URL ""
| #define PACKAGE "archipelagos"
| #define VERSION "1.0"
| /* end confdefs.h.  */
| #include <ac_nonexistent.h>
configure:3824: result: gcc -E
configure:3844: gcc -E  conftest.c
configure:3844: $? = 0
configure:3858: gcc -E  conftest.c
conftest.c:11:10: fatal error: ac_nonexistent.h: No such file or directory
   11 | #include <ac_nonexistent.h>
      |          ^~~~~~~~~~~~~~~~~~
compilation terminated.
configure:3858: $? = 1
configure: failed program was:
| /* confdefs.h */
| #define PACKAGE_NAME "archipelagos"
| #define PACKAGE_TARNAME "archipelagos"
| #define PACKAGE_VERSION "1.0"
| #define PACKAGE_STRING "archipelagos 1.0"
| #define PACKAGE_BUGREPORT "artmakarov2002@gmail.com"
| #define PACKAGE_URL ""
| #define PACKAGE "archipelagos"
| #define VERSION "1.0"
| /* end confdefs.h.  */
| #include <ac_nonexistent.h>
configure:3887: checking for grep that handles long lines and -e
configure:3945: result: /usr/bin/grep
configure:3950: checking for egrep
configure:4012: result: /usr/bin/grep -E
configure:4017: checking for ANSI C header files
configure:4037: gcc -c -g -O2  conftest.c >&5
configure:4037: $? = 0
configure:4110: gcc -o conftest -g -O2   conftest.c  >&5
configure:4110: $? = 0
configure:4110: ./conftest
configure:4110: $? = 0
configure:4121: result: yes
configure:4134: checking for sys/types.h
configure:4134: gcc -c -g -O2  conftest.c >&5
configure:4134: $? = 0
configure:4134: result: yes
configure:4134: checking for sys/stat.h
configure:4134: gcc -c -g -O2  conftest.c >&5
configure:4134: $? = 0
configure:4134: result: yes
configure:4134: checking for stdlib.h
configure:4134: gcc -c -g -O2  conftest.c >&5
configure:4134: $? = 0
configure:4134: result: yes
configure:4134: checking for string.h
configure:4134: gcc -c -g -O2  conftest.c >&5
configure:4134: $? = 0
configure:4134: result: yes
configure:4134: checking for memory.h
configure:4134: gcc -c -g -O2  conftest.c >&5
configure:4134: $? = 0
configure:4134: result: yes
configure:4134: checking for strings.h
configure:4134: gcc -c -g -O2  conftest.c >&5
configure:4134: $? = 0
configure:4134: result: yes
configure:4134: checking for inttypes.h
configure:4134: gcc -c -g -O2  conftest.c >&5
configure:4134: $? = 0
configure:4134: result: yes
configure:4134: checking for stdint.h
configure:4134: gcc -c -g -O2  conftest.c >&5
configure:4134: $? = 0
configure:4134: result: yes
configure:4134: checking for unistd.h
configure:4134: gcc -c -g -O2  conftest.c >&5
configure:4134: $? = 0
configure:4134: result: yes
configure:4149: checking fcntl.h usability
configure:4149: gcc -c -g -O2  conftest.c >&5
configure:4149: $? = 0
configure:4149: result: yes
configure:4149: checking fcntl.h presence
configure:4149: gcc -E  conftest.c
configure:4149: $? = 0
configure:4149: result: yes
configure:4149: checking for fcntl.h
configure:4149: result: yes
configure:4149: checking limits.h usability
configure:4149: gcc -c -g -O2  conftest.c >&5
configure:4149: $? = 0
configure:4149: result: yes
configure:4149: checking limits.h presence
configure:4149: gcc -E  conftest.c
configure:4149: $? = 0
configure:4149: result: yes
configure:4149: checking for limits.h
configure:4149: result: yes
configure:4149: checking for stdlib.h
configure:4149: result: yes
configure:4149: checking for unistd.h
configure:4149: result: yes
configure:4161: checking for mode_t
configure:4161: gcc -c -g -O2  conftest.c >&5
configure:4161: $? = 0
configure:4161: gcc -c -g -O2  conftest.c >&5
conftest.c: In function 'main':
conftest.c:61:21: error: expected expression before ')' token
   61 | if (sizeof ((mode_t)))
      |                     ^
configure:4161: $? = 1
configure: failed program was:
| /* confdefs.h */
| #define PACKAGE_NAME "archipelagos"
| #define PACKAGE_TARNAME "archipelagos"
| #define PACKAGE_VERSION "1.0"
| #define PACKAGE_STRING "archipelagos 1.0"
| #define PACKAGE_BUGREPORT "artmakarov2002@gmail.com"
| #define PACKAGE_URL ""
| #define PACKAGE "archipelagos"
| #define VERSION "1.0"
| #define STDC_HEADERS 1
| #define HAVE_SYS_TYPES_H 1
| #define HAVE_SYS_STAT_H 1
| #define HAVE_STDLIB_H 1
| #define HAVE_STRING_H 1
| #define HAVE_MEMORY_H 1
| #define HAVE_STRINGS_H 1
| #define HAVE_INTTYPES_H 1
| #define HAVE_STDINT_H 1
| #define HAVE_UNISTD_H 1
| #define HAVE_FCNTL_H 1
| #define HAVE_LIMITS_H 1
| #define HAVE_STDLIB_H 1
| #define HAVE_UNISTD_H 1
| /* end confdefs.h.  */
| #include <stdio.h>
| #ifdef HAVE_SYS_TYPES_H
| # include <sys/types.h>
| #endif
| #ifdef HAVE_SYS_STAT_H
| # include <sys/stat.h>
| #endif
| #ifdef STDC_HEADERS
| # include <stdlib.h>
| # include <stddef.h>
| #else
| # ifdef HAVE_STDLIB_H
| #  include <stdlib.h>
| # endif
| #endif
| #ifdef HAVE_STRING_H
| # if !defined STDC_HEADERS && defined HAVE_MEMORY_H
| #  include <memory.h>
| # endif
| # include <string.h>
| #endif
| #ifdef HAVE_STRINGS_H
| # include <strings.h>
| #endif
| #ifdef HAVE_INTTYPES_H
| # include <inttypes.h>
| #endif
| #ifdef HAVE_STDINT_H
| # include <stdint.h>
| #endif
| #ifdef HAVE_UNISTD_H
| # include <unistd.h>
| #endif
| int
| main ()
| {
| if (sizeof ((mode_t)))
| 	    return 0;
|   ;
|   return 0;
| }
configure:4161: result: yes
configure:4176: checking for stdlib.h
configure:4176: result: yes
configure:4186: checking for GNU libc compatible malloc
configure:4210: gcc -o conftest -g -O2   conftest.c  >&5
configure:4210: $? = 0
configure:4210: ./conftest
configure:4210: $? = 0
configure:4220: result: yes
configure:4243: checking for stdlib.h
configure:4243: result: yes
configure:4253: checking for GNU libc compatible realloc
configure:4277: gcc -o conftest -g -O2   conftest.c  >&5
configure:4277: $? = 0
configure:4277: ./conftest
configure:4277: $? = 0
configure:4287: result: yes
configure:4412: checking that generated files are newer than configure
configure:4418: result: done
configure:4441: creating ./config.status

## ---------------------- ##
## Running config.status. ##
## ---------------------- ##

This file was extended by archipelagos config.status 1.0, which was
generated by GNU Autoconf 2.69.  Invocation command line was

  CONFIG_FILES    = 
  CONFIG_HEADERS  = 
  CONFIG_LINKS    = 
  CONFIG_COMMANDS = 
  $ ./config.status 

on Yenisei

config.status:863: creating Makefile
config.status:863: creating cmake-build-debug/Makefile
config.status:863: creating latex/Makefile
config.status:863: creating config.h
config.status:1044: config.h is unchanged
config.status:1092: executing depfiles commands

## ---------------- ##
## Cache variables. ##
## ---------------- ##

ac_cv_c_compiler_gnu=yes
ac_cv_env_CC_set=
ac_cv_env_CC_value=
ac_cv_env_CFLAGS_set=
ac_cv_env_CFLAGS_value=
ac_cv_env_CPPFLAGS_set=
ac_cv_env_CPPFLAGS_value=
ac_cv_env_CPP_set=
ac_cv_env_CPP_value=
ac_cv_env_LDFLAGS_set=
ac_cv_env_LDFLAGS_value=
ac_cv_env_LIBS_set=
ac_cv_env_LIBS_value=
ac_cv_env_build_alias_set=
ac_cv_env_build_alias_value=
ac_cv_env_host_alias_set=
ac_cv_env_host_alias_value=
ac_cv_env_target_alias_set=
ac_cv_env_target_alias_value=
ac_cv_func_malloc_0_nonnull=yes
ac_cv_func_realloc_0_nonnull=yes
ac_cv_header_fcntl_h=yes
ac_cv_header_inttypes_h=yes
ac_cv_header_limits_h=yes
ac_cv_header_memory_h=yes
ac_cv_header_stdc=yes
ac_cv_header_stdint_h=yes
ac_cv_header_stdlib_h=yes
ac_cv_header_string_h=yes
ac_cv_header_strings_h=yes
ac_cv_header_sys_stat_h=yes
ac_cv_header_sys_types_h=yes
ac_cv_header_unistd_h=yes
ac_cv_objext=o
ac_cv_path_EGREP='/usr/bin/grep -E'
ac_cv_path_GREP=/usr/bin/grep
ac_cv_path_install='/usr/bin/install -c'
ac_cv_path_mkdir=/usr/bin/mkdir
ac_cv_prog_AWK=mawk
ac_cv_prog_CPP='gcc -E'
ac_cv_prog_ac_ct_CC=gcc
ac_cv_prog_cc_c89=
ac_cv_prog_cc_g=yes
ac_cv_prog_make_make_set=yes
ac_cv_type_mode_t=yes
am_cv_CC_dependencies_compiler_type=gcc3
am_cv_make_support_nested_variables=yes
am_cv_prog_cc_c_o=yes

## ----------------- ##
## Output variables. ##
## ----------------- ##

ACLOCAL='${SHELL} '\''/home/stud/Рабочий стол/edu-works/system programming/4practical/missing'\'' aclocal-1.16'
AMDEPBACKSLASH='\'
AMDEP_FALSE='#'
AMDEP_TRUE=''
AMTAR='$${TAR-tar}'
AM_BACKSLASH='\'
AM_DEFAULT_V='$(AM_DEFAULT_VERBOSITY)'
AM_DEFAULT_VERBOSITY='1'
AM_V='$(V)'
AUTOCONF='${SHELL} '\''/home/stud/Рабочий стол/edu-works/system programming/4practical/missing'\'' autoconf'
AUTOHEADER='${SHELL} '\''/home/stud/Рабочий стол/edu-works/system programming/4practical/missing'\'' autoheader'
AUTOMAKE='${SHELL} '\''/home/stud/Рабочий стол/edu-works/system programming/4practical/missing'\'' automake-1.16'
AWK='mawk'
CC='gcc'
CCDEPMODE='depmode=gcc3'
CFLAGS='-g -O2'
CPP='gcc -E'
CPPFLAGS=''
CYGPATH_W='echo'
DEFS='-DHAVE_CONFIG_H'
DEPDIR='.deps'
ECHO_C=''
ECHO_N='-n'
ECHO_T=''
EGREP='/usr/bin/grep -E'
EXEEXT=''
GREP='/usr/bin/grep'
INSTALL_DATA='${INSTALL} -m 644'
INSTALL_PROGRAM='${INSTALL}'
INSTALL_SCRIPT='${INSTALL}'
INSTALL_STRIP_PROGRAM='$(install_sh) -c -s'
LDFLAGS=''
LIBOBJS=''
LIBS=''
LTLIBOBJS=''
MAKEINFO='${SHELL} '\''/home/stud/Рабочий стол/edu-works/system programming/4practical/missing'\'' makeinfo'
MKDIR_P='/usr/bin/mkdir -p'
OBJEXT='o'
PACKAGE='archipelagos'
PACKAGE_BUGREPORT='artmakarov2002@gmail.com'
PACKAGE_NAME='archipelagos'
PACKAGE_STRING='archipelagos 1.0'
PACKAGE_TARNAME='archipelagos'
PACKAGE_URL=''
PACKAGE_VERSION='1.0'
PATH_SEPARATOR=':'
SET_MAKE=''
SHELL='/bin/bash'
STRIP=''
VERSION='1.0'
ac_ct_CC='gcc'
am__EXEEXT_FALSE=''
am__EXEEXT_TRUE='#'
am__fastdepCC_FALSE='#'
am__fastdepCC_TRUE=''
am__include='include'
am__isrc=''
am__leading_dot='.'
am__nodep='_no'
am__quote=''
am__tar='$${TAR-tar} chof - "$$tardir"'
am__untar='$${TAR-tar} xf -'
bindir='${exec_prefix}/bin'
build_alias=''
datadir='${datarootdir}'
datarootdir='${prefix}/share'
docdir='${datarootdir}/doc/${PACKAGE_TARNAME}'
dvidir='${docdir}'
exec_prefix='${prefix}'
host_alias=''
htmldir='${docdir}'
includedir='${prefix}/include'
infodir='${datarootdir}/info'
install_sh='${SHELL} '\''/home/stud/Рабочий стол/edu-works/system programming/4practical/install-sh'\'''
libdir='${exec_prefix}/lib'
libexecdir='${exec_prefix}/libexec'
localedir='${datarootdir}/locale'
localstatedir='${prefix}/var'
mandir='${datarootdir}/man'
mkdir_p='$(MKDIR_P)'
oldincludedir='/usr/include'
pdfdir='${docdir}'
prefix='/usr/local'
program_transform_name='s,x,x,'
psdir='${docdir}'
runstatedir='${localstatedir}/run'
sbindir='${exec_prefix}/sbin'
sharedstatedir='${prefix}/com'
sysconfdir='${prefix}/etc'
target_alias=''

## ----------- ##
## confdefs.h. ##
## ----------- ##

/* confdefs.h */
#define PACKAGE_NAME "archipelagos"
#define PACKAGE_TARNAME "archipelagos"
#define PACKAGE_VERSION "1.0"
#define PACKAGE_STRING "archipelagos 1.0"
#define PACKAGE_BUGREPORT "artmakarov2002@gmail.com"
#define PACKAGE_URL ""
#define PACKAGE "archipelagos"
#define VERSION "1.0"
#define STDC_HEADERS 1
#define HAVE_SYS_TYPES_H 1
#define HAVE_SYS_STAT_H 1
#define HAVE_STDLIB_H 1
#define HAVE_STRING_H 1
#define HAVE_MEMORY_H 1
#define HAVE_STRINGS_H 1
#define HAVE_INTTYPES_H 1
#define HAVE_STDINT_H 1
#define HAVE_UNISTD_H 1
#define HAVE_FCNTL_H 1
#define HAVE_LIMITS_H 1
#define HAVE_STDLIB_H 1
#define HAVE_UNISTD_H 1
#define HAVE_STDLIB_H 1
#define HAVE_MALLOC 1
#define HAVE_STDLIB_H 1
#define HAVE_REALLOC 1

configure: exit 0
